This is pdfTeX, Version 3.141592653-2.6-1.40.25 (TeX Live 2023/Debian) (preloaded format=pdflatex 2025.11.6)  7 MAR 2026 22:33
entering extended mode
 restricted \write18 enabled.
 %&-line parsing enabled.
**rap.tex
(./rap.tex
LaTeX2e <2023-11-01> patch level 1
L3 programming layer <2024-01-22>
(/usr/share/texlive/texmf-dist/tex/latex/ieeetran/IEEEtran.cls
Document Class: IEEEtran 2015/08/26 V1.8b by Michael Shell
-- See the "IEEEtran_HOWTO" manual for usage information.
-- http://www.michaelshell.org/tex/ieeetran/
\@IEEEtrantmpdimenA=\dimen140
\@IEEEtrantmpdimenB=\dimen141
\@IEEEtrantmpdimenC=\dimen142
\@IEEEtrantmpcountA=\count187
\@IEEEtrantmpcountB=\count188
\@IEEEtrantmpcountC=\count189
\@IEEEtrantmptoksA=\toks17
LaTeX Font Info:    Trying to load font information for OT1+ptm on input line 5
03.
(/usr/share/texlive/texmf-dist/tex/latex/psnfss/ot1ptm.fd
File: ot1ptm.fd 2001/06/04 font definitions for OT1/ptm.
)
-- Using 8.5in x 11in (letter) paper.
-- Using PDF output.
\@IEEEnormalsizeunitybaselineskip=\dimen143
-- This is a 10 point document.
\CLASSINFOnormalsizebaselineskip=\dimen144
\CLASSINFOnormalsizeunitybaselineskip=\dimen145
\IEEEnormaljot=\dimen146
LaTeX Font Info:    Font shape `OT1/ptm/bx/n' in size <5> not available
(Font)              Font shape `OT1/ptm/b/n' tried instead on input line 1090.
LaTeX Font Info:    Font shape `OT1/ptm/bx/it' in size <5> not available
(Font)              Font shape `OT1/ptm/b/it' tried instead on input line 1090.

LaTeX Font Info:    Font shape `OT1/ptm/bx/n' in size <7> not available
(Font)              Font shape `OT1/ptm/b/n' tried instead on input line 1090.
LaTeX Font Info:    Font shape `OT1/ptm/bx/it' in size <7> not available
(Font)              Font shape `OT1/ptm/b/it' tried instead on input line 1090.

LaTeX Font Info:    Font shape `OT1/ptm/bx/n' in size <8> not available
(Font)              Font shape `OT1/ptm/b/n' tried instead on input line 1090.
LaTeX Font Info:    Font shape `OT1/ptm/bx/it' in size <8> not available
(Font)              Font shape `OT1/ptm/b/it' tried instead on input line 1090.

LaTeX Font Info:    Font shape `OT1/ptm/bx/n' in size <9> not available
(Font)              Font shape `OT1/ptm/b/n' tried instead on input line 1090.
LaTeX Font Info:    Font shape `OT1/ptm/bx/it' in size <9> not available
(Font)              Font shape `OT1/ptm/b/it' tried instead on input line 1090.

LaTeX Font Info:    Font shape `OT1/ptm/bx/n' in size <10> not available
(Font)              Font shape `OT1/ptm/b/n' tried instead on input line 1090.
LaTeX Font Info:    Font shape `OT1/ptm/bx/it' in size <10> not available
(Font)              Font shape `OT1/ptm/b/it' tried instead on input line 1090.

LaTeX Font Info:    Font shape `OT1/ptm/bx/n' in size <11> not available
(Font)              Font shape `OT1/ptm/b/n' tried instead on input line 1090.
LaTeX Font Info:    Font shape `OT1/ptm/bx/it' in size <11> not available
(Font)              Font shape `OT1/ptm/b/it' tried instead on input line 1090.

LaTeX Font Info:    Font shape `OT1/ptm/bx/n' in size <12> not available
(Font)              Font shape `OT1/ptm/b/n' tried instead on input line 1090.
LaTeX Font Info:    Font shape `OT1/ptm/bx/it' in size <12> not available
(Font)              Font shape `OT1/ptm/b/it' tried instead on input line 1090.

LaTeX Font Info:    Font shape `OT1/ptm/bx/n' in size <17> not available
(Font)              Font shape `OT1/ptm/b/n' tried instead on input line 1090.
LaTeX Font Info:    Font shape `OT1/ptm/bx/it' in size <17> not available
(Font)              Font shape `OT1/ptm/b/it' tried instead on input line 1090.

LaTeX Font Info:    Font shape `OT1/ptm/bx/n' in size <20> not available
(Font)              Font shape `OT1/ptm/b/n' tried instead on input line 1090.
LaTeX Font Info:    Font shape `OT1/ptm/bx/it' in size <20> not available
(Font)              Font shape `OT1/ptm/b/it' tried instead on input line 1090.

LaTeX Font Info:    Font shape `OT1/ptm/bx/n' in size <24> not available
(Font)              Font shape `OT1/ptm/b/n' tried instead on input line 1090.
LaTeX Font Info:    Font shape `OT1/ptm/bx/it' in size <24> not available
(Font)              Font shape `OT1/ptm/b/it' tried instead on input line 1090.

\IEEEquantizedlength=\dimen147
\IEEEquantizedlengthdiff=\dimen148
\IEEEquantizedtextheightdiff=\dimen149
\IEEEilabelindentA=\dimen150
\IEEEilabelindentB=\dimen151
\IEEEilabelindent=\dimen152
\IEEEelabelindent=\dimen153
\IEEEdlabelindent=\dimen154
\IEEElabelindent=\dimen155
\IEEEiednormlabelsep=\dimen156
\IEEEiedmathlabelsep=\dimen157
\IEEEiedtopsep=\skip48
\c@section=\count190
\c@subsection=\count191
\c@subsubsection=\count192
\c@paragraph=\count193
\c@IEEEsubequation=\count194
\abovecaptionskip=\skip49
\belowcaptionskip=\skip50
\c@figure=\count195
\c@table=\count196
\@IEEEeqnnumcols=\count197
\@IEEEeqncolcnt=\count198
\@IEEEsubeqnnumrollback=\count199
\@IEEEquantizeheightA=\dimen158
\@IEEEquantizeheightB=\dimen159
\@IEEEquantizeheightC=\dimen160
\@IEEEquantizeprevdepth=\dimen161
\@IEEEquantizemultiple=\count266
\@IEEEquantizeboxA=\box51
\@IEEEtmpitemindent=\dimen162
\IEEEPARstartletwidth=\dimen163
\c@IEEEbiography=\count267
\@IEEEtranrubishbin=\box52
) (/usr/share/texlive/texmf-dist/tex/latex/base/inputenc.sty
Package: inputenc 2021/02/14 v1.3d Input encoding file
\inpenc@prehook=\toks18
\inpenc@posthook=\toks19
)
(/usr/share/texlive/texmf-dist/tex/latex/base/fontenc.sty
Package: fontenc 2021/04/29 v2.0v Standard LaTeX package
LaTeX Font Info:    Trying to load font information for T1+ptm on input line 11
2.

(/usr/share/texlive/texmf-dist/tex/latex/psnfss/t1ptm.fd
File: t1ptm.fd 2001/06/04 font definitions for T1/ptm.
))
(/usr/share/texlive/texmf-dist/tex/latex/amsmath/amsmath.sty
Package: amsmath 2023/05/13 v2.17o AMS math features
\@mathmargin=\skip51

For additional information on amsmath, use the `?' option.
(/usr/share/texlive/texmf-dist/tex/latex/amsmath/amstext.sty
Package: amstext 2021/08/26 v2.01 AMS text

(/usr/share/texlive/texmf-dist/tex/latex/amsmath/amsgen.sty
File: amsgen.sty 1999/11/30 v2.0 generic functions
\@emptytoks=\toks20
\ex@=\dimen164
))
(/usr/share/texlive/texmf-dist/tex/latex/amsmath/amsbsy.sty
Package: amsbsy 1999/11/29 v1.2d Bold Symbols
\pmbraise@=\dimen165
)
(/usr/share/texlive/texmf-dist/tex/latex/amsmath/amsopn.sty
Package: amsopn 2022/04/08 v2.04 operator names
)
\inf@bad=\count268
LaTeX Info: Redefining \frac on input line 234.
\uproot@=\count269
\leftroot@=\count270
LaTeX Info: Redefining \overline on input line 399.
LaTeX Info: Redefining \colon on input line 410.
\classnum@=\count271
\DOTSCASE@=\count272
LaTeX Info: Redefining \ldots on input line 496.
LaTeX Info: Redefining \dots on input line 499.
LaTeX Info: Redefining \cdots on input line 620.
\Mathstrutbox@=\box53
\strutbox@=\box54
LaTeX Info: Redefining \big on input line 722.
LaTeX Info: Redefining \Big on input line 723.
LaTeX Info: Redefining \bigg on input line 724.
LaTeX Info: Redefining \Bigg on input line 725.
\big@size=\dimen166
LaTeX Font Info:    Redeclaring font encoding OML on input line 743.
LaTeX Font Info:    Redeclaring font encoding OMS on input line 744.
\macc@depth=\count273
LaTeX Info: Redefining \bmod on input line 905.
LaTeX Info: Redefining \pmod on input line 910.
LaTeX Info: Redefining \smash on input line 940.
LaTeX Info: Redefining \relbar on input line 970.
LaTeX Info: Redefining \Relbar on input line 971.
\c@MaxMatrixCols=\count274
\dotsspace@=\muskip16
\c@parentequation=\count275
\dspbrk@lvl=\count276
\tag@help=\toks21
\row@=\count277
\column@=\count278
\maxfields@=\count279
\andhelp@=\toks22
\eqnshift@=\dimen167
\alignsep@=\dimen168
\tagshift@=\dimen169
\tagwidth@=\dimen170
\totwidth@=\dimen171
\lineht@=\dimen172
\@envbody=\toks23
\multlinegap=\skip52
\multlinetaggap=\skip53
\mathdisplay@stack=\toks24
LaTeX Info: Redefining \[ on input line 2953.
LaTeX Info: Redefining \] on input line 2954.
)
(/usr/share/texlive/texmf-dist/tex/latex/amsfonts/amssymb.sty
Package: amssymb 2013/01/14 v3.01 AMS font symbols

(/usr/share/texlive/texmf-dist/tex/latex/amsfonts/amsfonts.sty
Package: amsfonts 2013/01/14 v3.01 Basic AMSFonts support
\symAMSa=\mathgroup4
\symAMSb=\mathgroup5
LaTeX Font Info:    Redeclaring math symbol \hbar on input line 98.
LaTeX Font Info:    Overwriting math alphabet `\mathfrak' in version `bold'
(Font)                  U/euf/m/n --> U/euf/b/n on input line 106.
))
(/usr/share/texlive/texmf-dist/tex/latex/graphics/graphicx.sty
Package: graphicx 2021/09/16 v1.2d Enhanced LaTeX Graphics (DPC,SPQR)

(/usr/share/texlive/texmf-dist/tex/latex/graphics/keyval.sty
Package: keyval 2022/05/29 v1.15 key=value parser (DPC)
\KV@toks@=\toks25
)
(/usr/share/texlive/texmf-dist/tex/latex/graphics/graphics.sty
Package: graphics 2022/03/10 v1.4e Standard LaTeX Graphics (DPC,SPQR)

(/usr/share/texlive/texmf-dist/tex/latex/graphics/trig.sty
Package: trig 2021/08/11 v1.11 sin cos tan (DPC)
)
(/usr/share/texlive/texmf-dist/tex/latex/graphics-cfg/graphics.cfg
File: graphics.cfg 2016/06/04 v1.11 sample graphics configuration
)
Package graphics Info: Driver file: pdftex.def on input line 107.

(/usr/share/texlive/texmf-dist/tex/latex/graphics-def/pdftex.def
File: pdftex.def 2022/09/22 v1.2b Graphics/color driver for pdftex
))
\Gin@req@height=\dimen173
\Gin@req@width=\dimen174
)
(/usr/share/texlive/texmf-dist/tex/latex/url/url.sty
\Urlmuskip=\muskip17
Package: url 2013/09/16  ver 3.4  Verb mode for urls, etc.
)
(/usr/share/texlive/texmf-dist/tex/latex/l3backend/l3backend-pdftex.def
File: l3backend-pdftex.def 2024-01-04 L3 backend support: PDF output (pdfTeX)
\l__color_backend_stack_int=\count280
\l__pdf_internal_box=\box55
)
(./rap.aux

LaTeX Warning: Label `opencv_color_conversions' multiply defined.

)
\openout1 = `rap.aux'.

LaTeX Font Info:    Checking defaults for OML/cmm/m/it on input line 9.
LaTeX Font Info:    ... okay on input line 9.
LaTeX Font Info:    Checking defaults for OMS/cmsy/m/n on input line 9.
LaTeX Font Info:    ... okay on input line 9.
LaTeX Font Info:    Checking defaults for OT1/cmr/m/n on input line 9.
LaTeX Font Info:    ... okay on input line 9.
LaTeX Font Info:    Checking defaults for T1/cmr/m/n on input line 9.
LaTeX Font Info:    ... okay on input line 9.
LaTeX Font Info:    Checking defaults for TS1/cmr/m/n on input line 9.
LaTeX Font Info:    ... okay on input line 9.
LaTeX Font Info:    Checking defaults for OMX/cmex/m/n on input line 9.
LaTeX Font Info:    ... okay on input line 9.
LaTeX Font Info:    Checking defaults for U/cmr/m/n on input line 9.
LaTeX Font Info:    ... okay on input line 9.

-- Lines per column: 56 (exact).
(/usr/share/texlive/texmf-dist/tex/context/base/mkii/supp-pdf.mkii
[Loading MPS to PDF converter (version 2006.09.02).]
\scratchcounter=\count281
\scratchdimen=\dimen175
\scratchbox=\box56
\nofMPsegments=\count282
\nofMParguments=\count283
\everyMPshowfont=\toks26
\MPscratchCnt=\count284
\MPscratchDim=\dimen176
\MPnumerator=\count285
\makeMPintoPDFobject=\count286
\everyMPtoPDFconversion=\toks27
) (/usr/share/texlive/texmf-dist/tex/latex/epstopdf-pkg/epstopdf-base.sty
Package: epstopdf-base 2020-01-24 v2.11 Base part for package epstopdf
Package epstopdf-base Info: Redefining graphics rule for `.eps' on input line 4
85.

(/usr/share/texlive/texmf-dist/tex/latex/latexconfig/epstopdf-sys.cfg
File: epstopdf-sys.cfg 2010/07/13 v1.3 Configuration of (r)epstopdf for TeX Liv
e
))
LaTeX Font Info:    Calculating math sizes for size <24> on input line 27.
LaTeX Font Info:    Trying to load font information for U+msa on input line 27.


(/usr/share/texlive/texmf-dist/tex/latex/amsfonts/umsa.fd
File: umsa.fd 2013/01/14 v3.01 AMS symbols A
)
LaTeX Font Info:    Trying to load font information for U+msb on input line 27.


(/usr/share/texlive/texmf-dist/tex/latex/amsfonts/umsb.fd
File: umsb.fd 2013/01/14 v3.01 AMS symbols B
)
LaTeX Font Info:    Calculating math sizes for size <11> on input line 27.
LaTeX Font Info:    Trying to load font information for T1+pcr on input line 30
.

(/usr/share/texlive/texmf-dist/tex/latex/psnfss/t1pcr.fd
File: t1pcr.fd 2001/06/04 font definitions for T1/pcr.
)
(./sections/Bayesienne.tex [1{/var/lib/texmf/fonts/map/pdftex/updmap/pdftex.map
}{/usr/share/texlive/texmf-dist/fonts/enc/dvips/base/8r.enc}


]
Underfull \hbox (badness 4205) in paragraph at lines 113--114
\T1/ptm/m/n/10 par clas-si-fi-ca-tion bayési-enne, la déf-i-ni-tion de l'espace

 []


Underfull \hbox (badness 10000) in paragraph at lines 143--144
[]\T1/ptm/m/n/10 alors l'opération \T1/pcr/m/n/10 cv2.cvtColor(img_bgr,
 []


Underfull \hbox (badness 10000) in paragraph at lines 143--144
\T1/pcr/m/n/10 cv2.COLOR_BGR2RGB) \T1/ptm/m/n/10 [[]] est équiv-a-lente ŕ la
 []


Underfull \hbox (badness 2351) in paragraph at lines 157--158
\T1/ptm/m/n/10 scalaires monoban-des, cor-re-spon-dant aux pro-jec-tions du
 []

<../../Bayes/components_output/Parrots/rgb/original.png, id=19, 481.8pt x 349.3
05pt>
File: ../../Bayes/components_output/Parrots/rgb/original.png Graphic file (type
 png)
<use ../../Bayes/components_output/Parrots/rgb/original.png>
Package pdftex.def Info: ../../Bayes/components_output/Parrots/rgb/original.png
  used on input line 161.
(pdftex.def)             Requested size: 57.95892pt x 42.01605pt.
<../../Bayes/components_output/Parrots/rgb/R.png, id=20, 481.8pt x 349.305pt>
File: ../../Bayes/components_output/Parrots/rgb/R.png Graphic file (type png)
<use ../../Bayes/components_output/Parrots/rgb/R.png>
Package pdftex.def Info: ../../Bayes/components_output/Parrots/rgb/R.png  used 
on input line 162.
(pdftex.def)             Requested size: 57.95892pt x 42.01605pt.
<../../Bayes/components_output/Parrots/rgb/G.png, id=21, 481.8pt x 349.305pt>
File: ../../Bayes/components_output/Parrots/rgb/G.png Graphic file (type png)
<use ../../Bayes/components_output/Parrots/rgb/G.png>
Package pdftex.def Info: ../../Bayes/components_output/Parrots/rgb/G.png  used 
on input line 163.
(pdftex.def)             Requested size: 57.95892pt x 42.01605pt.
<../../Bayes/components_output/Parrots/rgb/B.png, id=22, 481.8pt x 349.305pt>
File: ../../Bayes/components_output/Parrots/rgb/B.png Graphic file (type png)
<use ../../Bayes/components_output/Parrots/rgb/B.png>
Package pdftex.def Info: ../../Bayes/components_output/Parrots/rgb/B.png  used 
on input line 164.
(pdftex.def)             Requested size: 57.95892pt x 42.01605pt.
[2 <../../Bayes/components_output/Parrots/rgb/original.png (PNG copy)> <../../B
ayes/components_output/Parrots/rgb/R.png (PNG copy)> <../../Bayes/components_ou
tput/Parrots/rgb/G.png (PNG copy)> <../../Bayes/components_output/Parrots/rgb/B
.png (PNG copy)>]
<../../Bayes/components_output/Parrots/hsv/original.png, id=29, 481.8pt x 349.3
05pt>
File: ../../Bayes/components_output/Parrots/hsv/original.png Graphic file (type
 png)
<use ../../Bayes/components_output/Parrots/hsv/original.png>
Package pdftex.def Info: ../../Bayes/components_output/Parrots/hsv/original.png
  used on input line 231.
(pdftex.def)             Requested size: 57.95892pt x 42.01605pt.
<../../Bayes/components_output/Parrots/hsv/H.png, id=30, 481.8pt x 349.305pt>
File: ../../Bayes/components_output/Parrots/hsv/H.png Graphic file (type png)
<use ../../Bayes/components_output/Parrots/hsv/H.png>
Package pdftex.def Info: ../../Bayes/components_output/Parrots/hsv/H.png  used 
on input line 232.
(pdftex.def)             Requested size: 57.95892pt x 42.01605pt.
<../../Bayes/components_output/Parrots/hsv/S.png, id=31, 481.8pt x 349.305pt>
File: ../../Bayes/components_output/Parrots/hsv/S.png Graphic file (type png)
<use ../../Bayes/components_output/Parrots/hsv/S.png>
Package pdftex.def Info: ../../Bayes/components_output/Parrots/hsv/S.png  used 
on input line 233.
(pdftex.def)             Requested size: 57.95892pt x 42.01605pt.
<../../Bayes/components_output/Parrots/hsv/V.png, id=32, 481.8pt x 349.305pt>
File: ../../Bayes/components_output/Parrots/hsv/V.png Graphic file (type png)
<use ../../Bayes/components_output/Parrots/hsv/V.png>
Package pdftex.def Info: ../../Bayes/components_output/Parrots/hsv/V.png  used 
on input line 234.
(pdftex.def)             Requested size: 57.95892pt x 42.01605pt.

Underfull \hbox (badness 4001) in paragraph at lines 243--244
[]\T1/ptm/m/n/10 La doc-u-men-ta-tion d'OpenCV décrit cette con-ver-sion
 []

<../../Bayes/components_output/Parrots/ycbcr/original.png, id=33, 481.8pt x 349
.305pt>
File: ../../Bayes/components_output/Parrots/ycbcr/original.png Graphic file (ty
pe png)
<use ../../Bayes/components_output/Parrots/ycbcr/original.png>
Package pdftex.def Info: ../../Bayes/components_output/Parrots/ycbcr/original.p
ng  used on input line 294.
(pdftex.def)             Requested size: 57.95892pt x 42.01605pt.
<../../Bayes/components_output/Parrots/ycbcr/Y.png, id=34, 481.8pt x 349.305pt>

File: ../../Bayes/components_output/Parrots/ycbcr/Y.png Graphic file (type png)

<use ../../Bayes/components_output/Parrots/ycbcr/Y.png>
Package pdftex.def Info: ../../Bayes/components_output/Parrots/ycbcr/Y.png  use
d on input line 295.
(pdftex.def)             Requested size: 57.95892pt x 42.01605pt.
<../../Bayes/components_output/Parrots/ycbcr/Cb.png, id=35, 481.8pt x 349.305pt
>
File: ../../Bayes/components_output/Parrots/ycbcr/Cb.png Graphic file (type png
)
<use ../../Bayes/components_output/Parrots/ycbcr/Cb.png>
Package pdftex.def Info: ../../Bayes/components_output/Parrots/ycbcr/Cb.png  us
ed on input line 296.
(pdftex.def)             Requested size: 57.95892pt x 42.01605pt.
<../../Bayes/components_output/Parrots/ycbcr/Cr.png, id=36, 481.8pt x 349.305pt
>
File: ../../Bayes/components_output/Parrots/ycbcr/Cr.png Graphic file (type png
)
<use ../../Bayes/components_output/Parrots/ycbcr/Cr.png>
Package pdftex.def Info: ../../Bayes/components_output/Parrots/ycbcr/Cr.png  us
ed on input line 297.
(pdftex.def)             Requested size: 57.95892pt x 42.01605pt.

Underfull \hbox (badness 10000) in paragraph at lines 302--303
[]\T1/ptm/m/n/10 L'utilisation ex-clu-sive de la couleur ren-voie ŕ
 []

[3 <../../Bayes/components_output/Parrots/hsv/original.png (PNG copy)> <../../B
ayes/components_output/Parrots/hsv/H.png (PNG copy)> <../../Bayes/components_ou
tput/Parrots/hsv/S.png (PNG copy)> <../../Bayes/components_output/Parrots/hsv/V
.png (PNG copy)>]
Overfull \hbox (45.04855pt too wide) detected at line 468
[]\OML/cmm/m/it/10 I\OT1/cmr/m/n/10 (\OML/cmm/m/it/10 x[] \OT1/cmr/m/n/10 + \OM
L/cmm/m/it/10 "; y[] \OT1/cmr/m/n/10 + \OML/cmm/m/it/10 ^^Q\OT1/cmr/m/n/10 ) \O
MS/cmsy/m/n/10 ^^Y \OML/cmm/m/it/10 I\OT1/cmr/m/n/10 (\OML/cmm/m/it/10 x[]; y[]
\OT1/cmr/m/n/10 ) + \OMS/cmsy/m/n/10 r\OML/cmm/m/it/10 I\OT1/cmr/m/n/10 (\OML/c
mm/m/it/10 x[]; y[]\OT1/cmr/m/n/10 ) [] + [] [] \OML/cmm/m/it/10 H[]\OT1/cmr/m/
n/10 (\OML/cmm/m/it/10 x[]; y[]\OT1/cmr/m/n/10 ) [] \OML/cmm/m/it/10 ;
 []

[4 <../../Bayes/components_output/Parrots/ycbcr/original.png (PNG copy)> <../..
/Bayes/components_output/Parrots/ycbcr/Y.png (PNG copy)> <../../Bayes/component
s_output/Parrots/ycbcr/Cb.png (PNG copy)> <../../Bayes/components_output/Parrot
s/ycbcr/Cr.png (PNG copy)>])
Underfull \hbox (badness 6961) in paragraph at lines 45--46
[]\T1/ptm/m/n/8 A. Yuille, ``Lec-ture 2. Bayes De-ci-sion The-ory,'' course Sta
t
 []


Underfull \hbox (badness 2503) in paragraph at lines 45--46
\T1/ptm/m/n/8 161/261, Johns Hop-kins Uni-ver-sity, Spring 2014, ac-cessed Feb.

 []

[5]

** Conference Paper **
Before submitting the final camera ready copy, remember to:

 1. Manually equalize the lengths of two columns on the last page
 of your paper;

 2. Ensure that any PostScript and/or PDF output post-processing
 uses only Type 1 fonts and that every step in the generation
 process uses the appropriate paper size.

[6

] (./rap.aux)
 ***********
LaTeX2e <2023-11-01> patch level 1
L3 programming layer <2024-01-22>
 ***********


LaTeX Warning: There were multiply-defined labels.

 ) 
Here is how much of TeX's memory you used:
 4035 strings out of 474222
 65521 string characters out of 5748733
 1945975 words of memory out of 5000000
 26237 multiletter control sequences out of 15000+600000
 679710 words of font info for 193 fonts, out of 8000000 for 9000
 1141 hyphenation exceptions out of 8191
 57i,11n,65p,994b,324s stack positions out of 10000i,1000n,20000p,200000b,200000s
</usr/share/texlive/texmf-dist/fonts/type1/public/amsfonts/cm/cmbx10.pfb></us
r/share/texlive/texmf-dist/fonts/type1/public/amsfonts/cm/cmex10.pfb></usr/shar
e/texlive/texmf-dist/fonts/type1/public/amsfonts/cm/cmmi10.pfb></usr/share/texl
ive/texmf-dist/fonts/type1/public/amsfonts/cm/cmmi7.pfb></usr/share/texlive/tex
mf-dist/fonts/type1/public/amsfonts/cm/cmr10.pfb></usr/share/texlive/texmf-dist
/fonts/type1/public/amsfonts/cm/cmr5.pfb></usr/share/texlive/texmf-dist/fonts/t
ype1/public/amsfonts/cm/cmr7.pfb></usr/share/texlive/texmf-dist/fonts/type1/pub
lic/amsfonts/cm/cmsy10.pfb></usr/share/texlive/texmf-dist/fonts/type1/public/am
sfonts/cm/cmsy6.pfb></usr/share/texlive/texmf-dist/fonts/type1/public/amsfonts/
cm/cmsy7.pfb></usr/share/texlive/texmf-dist/fonts/type1/urw/courier/ucrb8a.pfb>
</usr/share/texlive/texmf-dist/fonts/type1/urw/courier/ucrr8a.pfb></usr/share/t
exlive/texmf-dist/fonts/type1/urw/times/utmb8a.pfb></usr/share/texlive/texmf-di
st/fonts/type1/urw/times/utmbi8a.pfb></usr/share/texlive/texmf-dist/fonts/type1
/urw/times/utmr8a.pfb></usr/share/texlive/texmf-dist/fonts/type1/urw/times/utmr
i8a.pfb>
Output written on rap.pdf (6 pages, 1756637 bytes).
PDF statistics:
 116 PDF objects out of 1000 (max. 8388607)
 63 compressed objects within 1 object stream
 0 named destinations out of 1000 (max. 500000)
 61 words of extra memory for PDF output out of 10000 (max. 10000000)

